  Updator.c
  main.c
c:\users\dongwon\source\repos\project9\datamining\project9\main.c(62): warning C4477: 'scanf' : 서식 문자열 '%s'에 'char *' 형식의 인수가 필요하지만 variadic 인수 1의 형식이 'char **'입니다.
c:\users\dongwon\source\repos\project9\datamining\project9\main.c(64): warning C4047: '함수': 'const char *'의 간접 참조 수준이 'char *[10]'과(와) 다릅니다.
c:\users\dongwon\source\repos\project9\datamining\project9\main.c(64): warning C4024: 'fopen': 형식 및 실제 매개 변수 1의 형식이 서로 다릅니다.
c:\users\dongwon\source\repos\project9\datamining\project9\main.c(66): warning C4477: 'fscanf' : 서식 문자열 '%s'에 'char *' 형식의 인수가 필요하지만 variadic 인수 1의 형식이 'char **'입니다.
c:\users\dongwon\source\repos\project9\datamining\project9\main.c(67): warning C4047: '함수': 'char *'의 간접 참조 수준이 'char *[10]'과(와) 다릅니다.
c:\users\dongwon\source\repos\project9\datamining\project9\main.c(67): warning C4024: 'insert_toBucket': 형식 및 실제 매개 변수 2의 형식이 서로 다릅니다.
c:\users\dongwon\source\repos\project9\datamining\project9\main.c(75): warning C4477: 'scanf' : 서식 문자열 '%s'에 'char *' 형식의 인수가 필요하지만 variadic 인수 1의 형식이 'char **'입니다.
c:\users\dongwon\source\repos\project9\datamining\project9\main.c(77): warning C4047: '함수': 'char *'의 간접 참조 수준이 'char *[10]'과(와) 다릅니다.
c:\users\dongwon\source\repos\project9\datamining\project9\main.c(77): warning C4024: 'delete_fromItemBucket': 형식 및 실제 매개 변수 2의 형식이 서로 다릅니다.
c:\users\dongwon\source\repos\project9\datamining\project9\main.c(81): warning C4013: 'hit_update'이(가) 정의되지 않았습니다. extern은 int형을 반환하는 것으로 간주합니다.
c:\users\dongwon\source\repos\project9\datamining\project9\main.c(88): warning C4477: 'scanf' : 서식 문자열 '%s'에 'char *' 형식의 인수가 필요하지만 variadic 인수 1의 형식이 'char **'입니다.
c:\users\dongwon\source\repos\project9\datamining\project9\main.c(95): warning C4047: '함수': 'const char *'의 간접 참조 수준이 'char *[10]'과(와) 다릅니다.
c:\users\dongwon\source\repos\project9\datamining\project9\main.c(95): warning C4024: 'strcmp': 형식 및 실제 매개 변수 2의 형식이 서로 다릅니다.
c:\users\dongwon\source\repos\project9\datamining\project9\main.c(107): warning C4013: '_getch'이(가) 정의되지 않았습니다. extern은 int형을 반환하는 것으로 간주합니다.
c:\users\dongwon\source\repos\project9\datamining\project9\main.c(116): warning C4013: 'distanceFromEntrance_update'이(가) 정의되지 않았습니다. extern은 int형을 반환하는 것으로 간주합니다.
c:\users\dongwon\source\repos\project9\datamining\project9\main.c(130): warning C4477: 'scanf' : 서식 문자열 '%s'에 'char *' 형식의 인수가 필요하지만 variadic 인수 1의 형식이 'char **'입니다.
c:\users\dongwon\source\repos\project9\datamining\project9\main.c(136): warning C4047: '함수': 'const char *'의 간접 참조 수준이 'char *[10]'과(와) 다릅니다.
c:\users\dongwon\source\repos\project9\datamining\project9\main.c(136): warning C4024: 'strcmp': 형식 및 실제 매개 변수 2의 형식이 서로 다릅니다.
c:\users\dongwon\source\repos\project9\datamining\project9\main.c(149): warning C4047: '함수': 'const char *'의 간접 참조 수준이 'char *[10]'과(와) 다릅니다.
c:\users\dongwon\source\repos\project9\datamining\project9\main.c(149): warning C4024: 'strcmp': 형식 및 실제 매개 변수 1의 형식이 서로 다릅니다.
c:\users\dongwon\source\repos\project9\datamining\project9\main.c(174): warning C4013: 'shortest_path'이(가) 정의되지 않았습니다. extern은 int형을 반환하는 것으로 간주합니다.
c:\users\dongwon\source\repos\project9\datamining\project9\main.c(14): warning C4101: 'yes_no' :참조되지 않은 지역 변수입니다.
  코드를 생성하고 있습니다...
  Project9.vcxproj -> C:\Users\Dongwon\source\repos\Project9\DataMining\Debug\Project9.exe
